This is pdfTeX, Version 3.14159265-2.6-1.40.21 (MiKTeX 2.9.7300 64-bit) (preloaded format=pdflatex 2020.2.12)  14 MAR 2020 11:19
entering extended mode
**./projectpaper.tex
(projectpaper.tex
LaTeX2e <2020-02-02> patch level 1
L3 programming layer <2020-02-08>
("C:\Users\domwh\AppData\Local\Programs\MiKTeX 2.9\tex/latex/base\article.cls"
Document Class: article 2019/12/20 v1.4l Standard LaTeX document class
("C:\Users\domwh\AppData\Local\Programs\MiKTeX 2.9\tex/latex/base\size12.clo"
File: size12.clo 2019/12/20 v1.4l Standard LaTeX file (size option)
)
\c@part=\count167
\c@section=\count168
\c@subsection=\count169
\c@subsubsection=\count170
\c@paragraph=\count171
\c@subparagraph=\count172
\c@figure=\count173
\c@table=\count174
\abovecaptionskip=\skip47
\belowcaptionskip=\skip48
\bibindent=\dimen134
) ("C:\Users\domwh\AppData\Local\Programs\MiKTeX 2.9\tex/latex/psnfss\times.sty
"
Package: times 2005/04/12 PSNFSS-v9.2a (SPQR) 
) (durhampaper.sty
Durham CS undergraduate paper style 'durhampaper.sty'.
)
("C:\Users\domwh\AppData\Local\Programs\MiKTeX 2.9\tex/latex/harvard\harvard.st
y"
Package: harvard 
 ("C:\Users\domwh\AppData\Local\Programs\MiKTeX 2.9\tex/latex/base\ifthen.sty"
Package: ifthen 2014/09/29 v1.1c Standard LaTeX ifthen package (DPC)
))
("C:\Users\domwh\AppData\Local\Programs\MiKTeX 2.9\tex/latex/l3backend\l3backen
d-pdfmode.def"
File: l3backend-pdfmode.def 2020-02-03 L3 backend support: PDF mode
\l__kernel_color_stack_int=\count175
\l__pdf_internal_box=\box45
)
No file projectpaper.aux.
\openout1 = `projectpaper.aux'.

LaTeX Font Info:    Checking defaults for OML/cmm/m/it on input line 17.
LaTeX Font Info:    ... okay on input line 17.
LaTeX Font Info:    Checking defaults for OMS/cmsy/m/n on input line 17.
LaTeX Font Info:    ... okay on input line 17.
LaTeX Font Info:    Checking defaults for OT1/cmr/m/n on input line 17.
LaTeX Font Info:    ... okay on input line 17.
LaTeX Font Info:    Checking defaults for T1/cmr/m/n on input line 17.
LaTeX Font Info:    ... okay on input line 17.
LaTeX Font Info:    Checking defaults for TS1/cmr/m/n on input line 17.
LaTeX Font Info:    ... okay on input line 17.
LaTeX Font Info:    Checking defaults for OMX/cmex/m/n on input line 17.
LaTeX Font Info:    ... okay on input line 17.
LaTeX Font Info:    Checking defaults for U/cmr/m/n on input line 17.
LaTeX Font Info:    ... okay on input line 17.
LaTeX Font Info:    Trying to load font information for OT1+ptm on input line 1
7.
("C:\Users\domwh\AppData\Local\Programs\MiKTeX 2.9\tex/latex/psnfss\ot1ptm.fd"
File: ot1ptm.fd 2001/06/04 font definitions for OT1/ptm.
)

LaTeX Warning: Reference `units' on page 1 undefined on input line 44.

[1

{C:/Users/domwh/AppData/Local/MiKTeX/2.9/pdftex/config/pdftex.map}]
LaTeX Font Info:    External font `cmex10' loaded for size
(Font)              <12> on input line 52.
LaTeX Font Info:    External font `cmex10' loaded for size
(Font)              <8> on input line 52.
LaTeX Font Info:    External font `cmex10' loaded for size
(Font)              <6> on input line 52.


LaTeX Warning: Citation 'budgen' on page 2 undefined on input line 59.


LaTeX Warning: Citation 'euther' on page 2 undefined on input line 61.


LaTeX Warning: Citation 'futher' on page 2 undefined on input line 61.


LaTeX Warning: Citation 'futher' on page 2 undefined on input line 61.

[2]

LaTeX Warning: Reference `summary' on page 3 undefined on input line 83.

No file projectpaper.bbl.
[3] (projectpaper.aux)

LaTeX Warning: There were undefined references.


LaTeX Warning: Label(s) may have changed. Rerun to get cross-references right.

 ) 
Here is how much of TeX's memory you used:
 626 strings out of 481565
 10006 string characters out of 2914159
 241182 words of memory out of 3000000
 15911 multiletter control sequences out of 15000+200000
 546339 words of font info for 47 fonts, out of 3000000 for 9000
 1141 hyphenation exceptions out of 8191
 24i,8n,24p,614b,244s stack positions out of 5000i,500n,10000p,200000b,50000s
{C:/Users/domwh/AppData/Local/Programs/MiKTeX 2.9/fonts/enc/dvips/base/8r.enc
}<C:/Users/domwh/AppData/Local/Programs/MiKTeX 2.9/fonts/type1/urw/times/utmb8a
.pfb><C:/Users/domwh/AppData/Local/Programs/MiKTeX 2.9/fonts/type1/urw/times/ut
mbi8a.pfb><C:/Users/domwh/AppData/Local/Programs/MiKTeX 2.9/fonts/type1/urw/tim
es/utmr8a.pfb>
Output written on projectpaper.pdf (3 pages, 51810 bytes).
PDF statistics:
 25 PDF objects out of 1000 (max. 8388607)
 0 named destinations out of 1000 (max. 500000)
 1 words of extra memory for PDF output out of 10000 (max. 10000000)

